2025-01-29 02:37:31,128 - hume._voice.mixins.chat_mixin - INFO - Connecting to EVI API at wss://api.hume.ai/v0/evi/chat?config_id=aa645e04-87e4-47bc-9fb9-b4e39ee364c2
2025-01-29 02:37:31,772 - hume._voice.microphone.microphone - INFO - device: 10
2025-01-29 02:37:31,772 - hume._voice.microphone.microphone - INFO - sound_device: {'name': 'default', 'index': 10, 'hostapi': 0, 'max_input_channels': 32, 'max_output_channels': 32, 'default_low_input_latency': 0.008684807256235827, 'default_low_output_latency': 0.008684807256235827, 'default_high_input_latency': 0.034807256235827665, 'default_high_output_latency': 0.034807256235827665, 'default_samplerate': 44100.0}
2025-01-29 02:37:31,910 - hume._voice.voice_socket - INFO - Updating session settings to: {'type': 'session_settings', 'audio': {'encoding': 'linear16', 'channels': 32, 'sample_rate': 44100}}
2025-01-29 02:39:22,479 - __main__ - ERROR - Error recording conversation: sent 1011 (internal error) keepalive ping timeout; no close frame received
2025-01-29 02:39:22,479 - __main__ - WARNING - No conversation recorded
2025-01-29 02:39:57,925 - hume._voice.mixins.chat_mixin - INFO - Connecting to EVI API at wss://api.hume.ai/v0/evi/chat?config_id=aa645e04-87e4-47bc-9fb9-b4e39ee364c2
2025-01-29 02:39:58,673 - hume._voice.microphone.microphone - INFO - device: 10
2025-01-29 02:39:58,673 - hume._voice.microphone.microphone - INFO - sound_device: {'name': 'default', 'index': 10, 'hostapi': 0, 'max_input_channels': 32, 'max_output_channels': 32, 'default_low_input_latency': 0.008684807256235827, 'default_low_output_latency': 0.008684807256235827, 'default_high_input_latency': 0.034807256235827665, 'default_high_output_latency': 0.034807256235827665, 'default_samplerate': 44100.0}
2025-01-29 02:39:59,204 - hume._voice.voice_socket - INFO - Updating session settings to: {'type': 'session_settings', 'audio': {'encoding': 'linear16', 'channels': 32, 'sample_rate': 44100}}
2025-01-29 02:40:35,223 - __main__ - INFO - Program terminated by user
2025-01-29 02:42:38,744 - hume._voice.mixins.chat_mixin - INFO - Connecting to EVI API at wss://api.hume.ai/v0/evi/chat?config_id=aa645e04-87e4-47bc-9fb9-b4e39ee364c2
2025-01-29 02:42:40,721 - __main__ - ERROR - Error recording conversation: 'async for' requires an object with __aiter__ method, got coroutine
2025-01-29 02:42:40,724 - __main__ - WARNING - No conversation recorded
2025-01-29 02:43:23,829 - __main__ - WARNING - No conversation recorded
2025-01-29 02:44:58,416 - hume._voice.mixins.chat_mixin - INFO - Connecting to EVI API at wss://api.hume.ai/v0/evi/chat?config_id=aa645e04-87e4-47bc-9fb9-b4e39ee364c2
2025-01-29 02:44:59,115 - hume._voice.microphone.microphone - INFO - device: 10
2025-01-29 02:44:59,115 - hume._voice.microphone.microphone - INFO - sound_device: {'name': 'default', 'index': 10, 'hostapi': 0, 'max_input_channels': 32, 'max_output_channels': 32, 'default_low_input_latency': 0.008684807256235827, 'default_low_output_latency': 0.008684807256235827, 'default_high_input_latency': 0.034807256235827665, 'default_high_output_latency': 0.034807256235827665, 'default_samplerate': 44100.0}
2025-01-29 02:44:59,232 - hume._voice.voice_socket - INFO - Updating session settings to: {'type': 'session_settings', 'audio': {'encoding': 'linear16', 'channels': 32, 'sample_rate': 44100}}
2025-01-29 02:47:30,265 - __main__ - ERROR - Error recording conversation: sent 1011 (internal error) keepalive ping timeout; no close frame received
2025-01-29 02:47:30,265 - __main__ - WARNING - No conversation recorded
2025-01-29 02:49:06,653 - hume._voice.mixins.chat_mixin - INFO - Connecting to EVI API at wss://api.hume.ai/v0/evi/chat?config_id=aa645e04-87e4-47bc-9fb9-b4e39ee364c2
2025-01-29 02:49:07,305 - hume._voice.microphone.microphone - INFO - device: 10
2025-01-29 02:49:07,305 - hume._voice.microphone.microphone - INFO - sound_device: {'name': 'default', 'index': 10, 'hostapi': 0, 'max_input_channels': 32, 'max_output_channels': 32, 'default_low_input_latency': 0.008684807256235827, 'default_low_output_latency': 0.008684807256235827, 'default_high_input_latency': 0.034807256235827665, 'default_high_output_latency': 0.034807256235827665, 'default_samplerate': 44100.0}
2025-01-29 02:49:07,419 - hume._voice.voice_socket - INFO - Updating session settings to: {'type': 'session_settings', 'audio': {'encoding': 'linear16', 'channels': 32, 'sample_rate': 44100}}
2025-01-29 02:52:37,027 - hume._voice.mixins.chat_mixin - INFO - Connecting to EVI API at wss://api.hume.ai/v0/evi/chat?config_id=aa645e04-87e4-47bc-9fb9-b4e39ee364c2
2025-01-29 02:52:37,705 - hume._voice.microphone.microphone - INFO - device: 10
2025-01-29 02:52:37,705 - hume._voice.microphone.microphone - INFO - sound_device: {'name': 'default', 'index': 10, 'hostapi': 0, 'max_input_channels': 32, 'max_output_channels': 32, 'default_low_input_latency': 0.008684807256235827, 'default_low_output_latency': 0.008684807256235827, 'default_high_input_latency': 0.034807256235827665, 'default_high_output_latency': 0.034807256235827665, 'default_samplerate': 44100.0}
2025-01-29 02:52:37,816 - hume._voice.voice_socket - INFO - Updating session settings to: {'type': 'session_settings', 'audio': {'encoding': 'linear16', 'channels': 32, 'sample_rate': 44100}}
2025-01-29 02:54:51,671 - hume._voice.mixins.chat_mixin - INFO - Connecting to EVI API at wss://api.hume.ai/v0/evi/chat?config_id=aa645e04-87e4-47bc-9fb9-b4e39ee364c2
2025-01-29 02:54:52,320 - hume._voice.microphone.microphone - INFO - device: 10
2025-01-29 02:54:52,320 - hume._voice.microphone.microphone - INFO - sound_device: {'name': 'default', 'index': 10, 'hostapi': 0, 'max_input_channels': 32, 'max_output_channels': 32, 'default_low_input_latency': 0.008684807256235827, 'default_low_output_latency': 0.008684807256235827, 'default_high_input_latency': 0.034807256235827665, 'default_high_output_latency': 0.034807256235827665, 'default_samplerate': 44100.0}
2025-01-29 02:54:52,432 - hume._voice.voice_socket - INFO - Updating session settings to: {'type': 'session_settings', 'audio': {'encoding': 'linear16', 'channels': 32, 'sample_rate': 44100}}
2025-01-29 02:57:01,621 - hume._voice.mixins.chat_mixin - INFO - Connecting to EVI API at wss://api.hume.ai/v0/evi/chat?config_id=aa645e04-87e4-47bc-9fb9-b4e39ee364c2
2025-01-29 02:57:02,267 - hume._voice.microphone.microphone - INFO - device: 10
2025-01-29 02:57:02,267 - hume._voice.microphone.microphone - INFO - sound_device: {'name': 'default', 'index': 10, 'hostapi': 0, 'max_input_channels': 32, 'max_output_channels': 32, 'default_low_input_latency': 0.008684807256235827, 'default_low_output_latency': 0.008684807256235827, 'default_high_input_latency': 0.034807256235827665, 'default_high_output_latency': 0.034807256235827665, 'default_samplerate': 44100.0}
2025-01-29 02:57:02,382 - hume._voice.voice_socket - INFO - Updating session settings to: {'type': 'session_settings', 'audio': {'encoding': 'linear16', 'channels': 32, 'sample_rate': 44100}}
2025-01-29 03:01:15,130 - hume._voice.mixins.chat_mixin - INFO - Connecting to EVI API at wss://api.hume.ai/v0/evi/chat?config_id=aa645e04-87e4-47bc-9fb9-b4e39ee364c2
2025-01-29 03:01:15,812 - hume._voice.microphone.microphone - INFO - device: 10
2025-01-29 03:01:15,813 - hume._voice.microphone.microphone - INFO - sound_device: {'name': 'default', 'index': 10, 'hostapi': 0, 'max_input_channels': 32, 'max_output_channels': 32, 'default_low_input_latency': 0.008684807256235827, 'default_low_output_latency': 0.008684807256235827, 'default_high_input_latency': 0.034807256235827665, 'default_high_output_latency': 0.034807256235827665, 'default_samplerate': 44100.0}
2025-01-29 03:01:15,932 - hume._voice.voice_socket - INFO - Updating session settings to: {'type': 'session_settings', 'audio': {'encoding': 'linear16', 'channels': 32, 'sample_rate': 44100}}
2025-01-29 03:03:06,884 - __main__ - ERROR - Error recording conversation: sent 1011 (internal error) keepalive ping timeout; no close frame received
2025-01-29 03:03:06,884 - __main__ - WARNING - No conversation recorded
2025-01-29 03:03:19,010 - hume._voice.mixins.chat_mixin - INFO - Connecting to EVI API at wss://api.hume.ai/v0/evi/chat?config_id=aa645e04-87e4-47bc-9fb9-b4e39ee364c2
2025-01-29 03:03:19,658 - hume._voice.microphone.microphone - INFO - device: 10
2025-01-29 03:03:19,658 - hume._voice.microphone.microphone - INFO - sound_device: {'name': 'default', 'index': 10, 'hostapi': 0, 'max_input_channels': 32, 'max_output_channels': 32, 'default_low_input_latency': 0.008684807256235827, 'default_low_output_latency': 0.008684807256235827, 'default_high_input_latency': 0.034807256235827665, 'default_high_output_latency': 0.034807256235827665, 'default_samplerate': 44100.0}
2025-01-29 03:03:20,248 - hume._voice.voice_socket - INFO - Updating session settings to: {'type': 'session_settings', 'audio': {'encoding': 'linear16', 'channels': 32, 'sample_rate': 44100}}
2025-01-29 03:06:08,188 - hume._voice.mixins.chat_mixin - INFO - Connecting to EVI API at wss://api.hume.ai/v0/evi/chat?config_id=aa645e04-87e4-47bc-9fb9-b4e39ee364c2
2025-01-29 03:06:08,881 - hume._voice.microphone.microphone - INFO - device: 10
2025-01-29 03:06:08,882 - hume._voice.microphone.microphone - INFO - sound_device: {'name': 'default', 'index': 10, 'hostapi': 0, 'max_input_channels': 32, 'max_output_channels': 32, 'default_low_input_latency': 0.008684807256235827, 'default_low_output_latency': 0.008684807256235827, 'default_high_input_latency': 0.034807256235827665, 'default_high_output_latency': 0.034807256235827665, 'default_samplerate': 44100.0}
2025-01-29 03:06:09,340 - hume._voice.voice_socket - INFO - Updating session settings to: {'type': 'session_settings', 'audio': {'encoding': 'linear16', 'channels': 32, 'sample_rate': 44100}}
2025-01-29 03:06:51,276 - __main__ - INFO - Program terminated by user
2025-01-29 03:09:32,429 - hume._voice.mixins.chat_mixin - INFO - Connecting to EVI API at wss://api.hume.ai/v0/evi/chat?config_id=aa645e04-87e4-47bc-9fb9-b4e39ee364c2
2025-01-29 03:09:33,878 - hume._voice.microphone.microphone - INFO - device: 10
2025-01-29 03:09:33,878 - hume._voice.microphone.microphone - INFO - sound_device: {'name': 'default', 'index': 10, 'hostapi': 0, 'max_input_channels': 32, 'max_output_channels': 32, 'default_low_input_latency': 0.008684807256235827, 'default_low_output_latency': 0.008684807256235827, 'default_high_input_latency': 0.034807256235827665, 'default_high_output_latency': 0.034807256235827665, 'default_samplerate': 44100.0}
2025-01-29 03:09:34,259 - hume._voice.voice_socket - INFO - Updating session settings to: {'type': 'session_settings', 'audio': {'encoding': 'linear16', 'channels': 32, 'sample_rate': 44100}}
2025-01-29 03:11:01,323 - hume._voice.mixins.chat_mixin - INFO - Connecting to EVI API at wss://api.hume.ai/v0/evi/chat?config_id=aa645e04-87e4-47bc-9fb9-b4e39ee364c2
2025-01-29 03:11:01,954 - hume._voice.microphone.microphone - INFO - device: 10
2025-01-29 03:11:01,955 - hume._voice.microphone.microphone - INFO - sound_device: {'name': 'default', 'index': 10, 'hostapi': 0, 'max_input_channels': 32, 'max_output_channels': 32, 'default_low_input_latency': 0.008684807256235827, 'default_low_output_latency': 0.008684807256235827, 'default_high_input_latency': 0.034807256235827665, 'default_high_output_latency': 0.034807256235827665, 'default_samplerate': 44100.0}
2025-01-29 03:11:02,074 - hume._voice.voice_socket - INFO - Updating session settings to: {'type': 'session_settings', 'audio': {'encoding': 'linear16', 'channels': 32, 'sample_rate': 44100}}
2025-01-29 03:12:07,337 - hume._voice.mixins.chat_mixin - INFO - Connecting to EVI API at wss://api.hume.ai/v0/evi/chat?config_id=aa645e04-87e4-47bc-9fb9-b4e39ee364c2
2025-01-29 03:12:07,947 - hume._voice.microphone.microphone - INFO - device: 10
2025-01-29 03:12:07,948 - hume._voice.microphone.microphone - INFO - sound_device: {'name': 'default', 'index': 10, 'hostapi': 0, 'max_input_channels': 32, 'max_output_channels': 32, 'default_low_input_latency': 0.008684807256235827, 'default_low_output_latency': 0.008684807256235827, 'default_high_input_latency': 0.034807256235827665, 'default_high_output_latency': 0.034807256235827665, 'default_samplerate': 44100.0}
2025-01-29 03:12:08,068 - hume._voice.voice_socket - INFO - Updating session settings to: {'type': 'session_settings', 'audio': {'encoding': 'linear16', 'channels': 32, 'sample_rate': 44100}}
2025-01-29 03:13:45,298 - hume._voice.mixins.chat_mixin - INFO - Connecting to EVI API at wss://api.hume.ai/v0/evi/chat?config_id=aa645e04-87e4-47bc-9fb9-b4e39ee364c2
2025-01-29 03:13:46,003 - hume._voice.microphone.microphone - INFO - device: 10
2025-01-29 03:13:46,003 - hume._voice.microphone.microphone - INFO - sound_device: {'name': 'default', 'index': 10, 'hostapi': 0, 'max_input_channels': 32, 'max_output_channels': 32, 'default_low_input_latency': 0.008684807256235827, 'default_low_output_latency': 0.008684807256235827, 'default_high_input_latency': 0.034807256235827665, 'default_high_output_latency': 0.034807256235827665, 'default_samplerate': 44100.0}
2025-01-29 03:13:46,115 - hume._voice.voice_socket - INFO - Updating session settings to: {'type': 'session_settings', 'audio': {'encoding': 'linear16', 'channels': 32, 'sample_rate': 44100}}
2025-01-29 03:16:16,948 - __main__ - ERROR - Error recording conversation: sent 1011 (internal error) keepalive ping timeout; no close frame received
2025-01-29 03:16:16,949 - __main__ - WARNING - No conversation recorded
2025-01-29 03:16:56,754 - hume._voice.mixins.chat_mixin - INFO - Connecting to EVI API at wss://api.hume.ai/v0/evi/chat?config_id=aa645e04-87e4-47bc-9fb9-b4e39ee364c2
2025-01-29 03:16:57,476 - hume._voice.microphone.microphone - INFO - device: 10
2025-01-29 03:16:57,477 - hume._voice.microphone.microphone - INFO - sound_device: {'name': 'default', 'index': 10, 'hostapi': 0, 'max_input_channels': 32, 'max_output_channels': 32, 'default_low_input_latency': 0.008684807256235827, 'default_low_output_latency': 0.008684807256235827, 'default_high_input_latency': 0.034807256235827665, 'default_high_output_latency': 0.034807256235827665, 'default_samplerate': 44100.0}
2025-01-29 03:16:57,596 - hume._voice.voice_socket - INFO - Updating session settings to: {'type': 'session_settings', 'audio': {'encoding': 'linear16', 'channels': 32, 'sample_rate': 44100}}
2025-01-29 03:17:21,539 - hume._voice.mixins.chat_mixin - INFO - Connecting to EVI API at wss://api.hume.ai/v0/evi/chat?config_id=aa645e04-87e4-47bc-9fb9-b4e39ee364c2
2025-01-29 03:17:22,142 - hume._voice.microphone.microphone - INFO - device: 9
2025-01-29 03:17:22,143 - hume._voice.microphone.microphone - INFO - sound_device: {'name': 'default', 'index': 9, 'hostapi': 0, 'max_input_channels': 32, 'max_output_channels': 32, 'default_low_input_latency': 0.008684807256235827, 'default_low_output_latency': 0.008684807256235827, 'default_high_input_latency': 0.034807256235827665, 'default_high_output_latency': 0.034807256235827665, 'default_samplerate': 44100.0}
2025-01-29 03:17:22,258 - hume._voice.voice_socket - INFO - Updating session settings to: {'type': 'session_settings', 'audio': {'encoding': 'linear16', 'channels': 32, 'sample_rate': 44100}}
2025-01-29 03:18:36,764 - __main__ - ERROR - Error recording conversation: Error (E0714): Chat was ended because no user message was received in 34 seconds.
2025-01-29 03:18:36,764 - __main__ - WARNING - No conversation recorded
